# JRE version: Java(TM) SE Runtime Environment (17.0.12+8) (build 17.0.12+8-LTS-286)
# Java VM: Java HotSpot(TM) 64-Bit Server VM (17.0.12+8-LTS-286, mixed mode, sharing, tiered, compressed oops, compressed class ptrs, g1 gc, windows-amd64)
GC Precious Log:
 CPUs: 6 total, 6 available
 Memory: 7542M
 Large Page Support: Disabled
 NUMA Support: Disabled
 Compressed Oops: Enabled (32-bit)
 Heap Region Size: 1M
 Heap Min Capacity: 8M
 Heap Initial Capacity: 118M
 Heap Max Capacity: 1886M
 Pre-touch: Disabled
 Parallel Workers: 6
 Concurrent Workers: 2
 Concurrent Refinement Workers: 6
 Periodic GC: Disabled
Heap:
 garbage-first heap   total 343040K, used 192433K [0x000000008a200000, 0x0000000100000000)
  region size 1024K, 11 young (11264K), 11 survivors (11264K)
 Metaspace       used 136586K, committed 138368K, reserved 1179648K
  class space    used 16864K, committed 17728K, reserved 1048576K
GC Heap History (20 events):
Event: 6009.407 GC heap after
{Heap after GC invocations=208 (full 26):
 garbage-first heap   total 324608K, used 153745K [0x000000008a200000, 0x0000000100000000)
  region size 1024K, 2 young (2048K), 2 survivors (2048K)
 Metaspace       used 135819K, committed 137600K, reserved 1179648K
  class space    used 16784K, committed 17664K, reserved 1048576K
}
Event: 6071.798 GC heap before
{Heap before GC invocations=208 (full 26):
 garbage-first heap   total 324608K, used 272529K [0x000000008a200000, 0x0000000100000000)
  region size 1024K, 118 young (120832K), 2 survivors (2048K)
 Metaspace       used 135819K, committed 137600K, reserved 1179648K
  class space    used 16784K, committed 17664K, reserved 1048576K
}
Event: 6071.800 GC heap after
{Heap after GC invocations=209 (full 26):
 garbage-first heap   total 324608K, used 152898K [0x000000008a200000, 0x0000000100000000)
  region size 1024K, 1 young (1024K), 1 survivors (1024K)
 Metaspace       used 135819K, committed 137600K, reserved 1179648K
  class space    used 16784K, committed 17664K, reserved 1048576K
}
Event: 6091.725 GC heap before
{Heap before GC invocations=210 (full 26):
 garbage-first heap   total 324608K, used 274754K [0x000000008a200000, 0x0000000100000000)
  region size 1024K, 121 young (123904K), 1 survivors (1024K)
 Metaspace       used 135830K, committed 137600K, reserved 1179648K
  class space    used 16786K, committed 17664K, reserved 1048576K
}
Event: 6091.740 GC heap after
{Heap after GC invocations=211 (full 26):
 garbage-first heap   total 324608K, used 162252K [0x000000008a200000, 0x0000000100000000)
  region size 1024K, 10 young (10240K), 10 survivors (10240K)
 Metaspace       used 135830K, committed 137600K, reserved 1179648K
  class space    used 16786K, committed 17664K, reserved 1048576K
}
Event: 6091.746 GC heap before
{Heap before GC invocations=211 (full 26):
 garbage-first heap   total 324608K, used 166348K [0x000000008a200000, 0x0000000100000000)
  region size 1024K, 15 young (15360K), 10 survivors (10240K)
 Metaspace       used 135830K, committed 137600K, reserved 1179648K
  class space    used 16786K, committed 17664K, reserved 1048576K
}
Event: 6091.768 GC heap after
{Heap after GC invocations=212 (full 26):
 garbage-first heap   total 324608K, used 163226K [0x000000008a200000, 0x0000000100000000)
  region size 1024K, 2 young (2048K), 2 survivors (2048K)
 Metaspace       used 135830K, committed 137600K, reserved 1179648K
  class space    used 16786K, committed 17664K, reserved 1048576K
}
Event: 6092.005 GC heap before
{Heap before GC invocations=212 (full 26):
 garbage-first heap   total 324608K, used 272794K [0x000000008a200000, 0x0000000100000000)
  region size 1024K, 109 young (111616K), 2 survivors (2048K)
 Metaspace       used 135830K, committed 137600K, reserved 1179648K
  class space    used 16786K, committed 17664K, reserved 1048576K
}
Event: 6092.016 GC heap after
{Heap after GC invocations=213 (full 26):
 garbage-first heap   total 324608K, used 173041K [0x000000008a200000, 0x0000000100000000)
  region size 1024K, 12 young (12288K), 12 survivors (12288K)
 Metaspace       used 135830K, committed 137600K, reserved 1179648K
  class space    used 16786K, committed 17664K, reserved 1048576K
}
Event: 6092.857 GC heap before
{Heap before GC invocations=214 (full 26):
 garbage-first heap   total 343040K, used 269297K [0x000000008a200000, 0x0000000100000000)
  region size 1024K, 108 young (110592K), 12 survivors (12288K)
 Metaspace       used 136094K, committed 137856K, reserved 1179648K
  class space    used 16820K, committed 17664K, reserved 1048576K
}
Event: 6092.882 GC heap after
{Heap after GC invocations=215 (full 26):
 garbage-first heap   total 343040K, used 179830K [0x000000008a200000, 0x0000000100000000)
  region size 1024K, 9 young (9216K), 9 survivors (9216K)
 Metaspace       used 136094K, committed 137856K, reserved 1179648K
  class space    used 16820K, committed 17664K, reserved 1048576K
}
Event: 6092.937 GC heap before
{Heap before GC invocations=215 (full 26):
 garbage-first heap   total 343040K, used 186998K [0x000000008a200000, 0x0000000100000000)
  region size 1024K, 16 young (16384K), 9 survivors (9216K)
 Metaspace       used 136101K, committed 137856K, reserved 1179648K
  class space    used 16820K, committed 17664K, reserved 1048576K
}
Event: 6092.950 GC heap after
{Heap after GC invocations=216 (full 26):
 garbage-first heap   total 343040K, used 178673K [0x000000008a200000, 0x0000000100000000)
  region size 1024K, 2 young (2048K), 2 survivors (2048K)
 Metaspace       used 136101K, committed 137856K, reserved 1179648K
  class space    used 16820K, committed 17664K, reserved 1048576K
}
Event: 6117.551 GC heap before
{Heap before GC invocations=216 (full 26):
 garbage-first heap   total 343040K, used 285169K [0x000000008a200000, 0x0000000100000000)
  region size 1024K, 106 young (108544K), 2 survivors (2048K)
 Metaspace       used 136575K, committed 138368K, reserved 1179648K
  class space    used 16862K, committed 17728K, reserved 1048576K
}
Event: 6117.562 GC heap after
{Heap after GC invocations=217 (full 26):
 garbage-first heap   total 343040K, used 180563K [0x000000008a200000, 0x0000000100000000)
  region size 1024K, 4 young (4096K), 4 survivors (4096K)
 Metaspace       used 136575K, committed 138368K, reserved 1179648K
  class space    used 16862K, committed 17728K, reserved 1048576K
}
Event: 6149.635 GC heap before
{Heap before GC invocations=218 (full 26):
 garbage-first heap   total 343040K, used 288083K [0x000000008a200000, 0x0000000100000000)
  region size 1024K, 109 young (111616K), 4 survivors (4096K)
 Metaspace       used 136586K, committed 138368K, reserved 1179648K
  class space    used 16864K, committed 17728K, reserved 1048576K
}
Event: 6149.643 GC heap after
{Heap after GC invocations=219 (full 26):
 garbage-first heap   total 343040K, used 185261K [0x000000008a200000, 0x0000000100000000)
  region size 1024K, 8 young (8192K), 8 survivors (8192K)
 Metaspace       used 136586K, committed 138368K, reserved 1179648K
  class space    used 16864K, committed 17728K, reserved 1048576K
}
Event: 6149.698 GC heap before
{Heap before GC invocations=219 (full 26):
 garbage-first heap   total 343040K, used 193453K [0x000000008a200000, 0x0000000100000000)
  region size 1024K, 16 young (16384K), 8 survivors (8192K)
 Metaspace       used 136586K, committed 138368K, reserved 1179648K
  class space    used 16864K, committed 17728K, reserved 1048576K
}
Event: 6149.711 GC heap after
{Heap after GC invocations=220 (full 26):
 garbage-first heap   total 343040K, used 182879K [0x000000008a200000, 0x0000000100000000)
  region size 1024K, 2 young (2048K), 2 survivors (2048K)
 Metaspace       used 136586K, committed 138368K, reserved 1179648K
  class space    used 16864K, committed 17728K, reserved 1048576K
}
Event: 6149.909 GC heap before
{Heap before GC invocations=220 (full 26):
 garbage-first heap   total 343040K, used 287327K [0x000000008a200000, 0x0000000100000000)
  region size 1024K, 105 young (107520K), 2 survivors (2048K)
 Metaspace       used 136586K, committed 138368K, reserved 1179648K
  class space    used 16864K, committed 17728K, reserved 1048576K
}

